Unity Editor version:    2022.3.23f1 (dbb3f7c5b5c6)
Branch:                  2022.3/staging
Build type:              Release
Batch mode:              YES
macOS version:           Version 15.1 (Build 24B83)
Darwin version:          24.1.0
Architecture:            x86_64
Running under Rosetta:   YES
Available memory:        16384 MB
Using pre-set license
Pro License: YES

COMMAND LINE ARGUMENTS:
/Applications/Unity/Hub/Editor/2022.3.23f1/Unity.app/Contents/MacOS/Unity
-adb2
-batchMode
-noUpm
-name
AssetImportWorker1
-projectPath
/Users/qizhang/Documents/GitHub/Food-Truck-VR
-logFile
Logs/AssetImportWorker1.log
-srvPort
51014
Successfully changed project path to: /Users/qizhang/Documents/GitHub/Food-Truck-VR
/Users/qizhang/Documents/GitHub/Food-Truck-VR
[UnityMemory] Configuration Parameters - Can be set up in boot.config
    "memorysetup-bucket-allocator-granularity=16"
    "memorysetup-bucket-allocator-bucket-count=8"
    "memorysetup-bucket-allocator-block-size=33554432"
    "memorysetup-bucket-allocator-block-count=8"
    "memorysetup-main-allocator-block-size=16777216"
    "memorysetup-thread-allocator-block-size=16777216"
    "memorysetup-gfx-main-allocator-block-size=16777216"
    "memorysetup-gfx-thread-allocator-block-size=16777216"
    "memorysetup-cache-allocator-block-size=4194304"
    "memorysetup-typetree-allocator-block-size=2097152"
    "memorysetup-profiler-bucket-allocator-granularity=16"
    "memorysetup-profiler-bucket-allocator-bucket-count=8"
    "memorysetup-profiler-bucket-allocator-block-size=33554432"
    "memorysetup-profiler-bucket-allocator-block-count=8"
    "memorysetup-profiler-allocator-block-size=16777216"
    "memorysetup-profiler-editor-allocator-block-size=1048576"
    "memorysetup-temp-allocator-size-main=16777216"
    "memorysetup-job-temp-allocator-block-size=2097152"
    "memorysetup-job-temp-allocator-block-size-background=1048576"
    "memorysetup-job-temp-allocator-reduction-small-platforms=262144"
    "memorysetup-allocator-temp-initial-block-size-main=262144"
    "memorysetup-allocator-temp-initial-block-size-worker=262144"
    "memorysetup-temp-allocator-size-background-worker=32768"
    "memorysetup-temp-allocator-size-job-worker=262144"
    "memorysetup-temp-allocator-size-preload-manager=33554432"
    "memorysetup-temp-allocator-size-nav-mesh-worker=65536"
    "memorysetup-temp-allocator-size-audio-worker=65536"
    "memorysetup-temp-allocator-size-cloud-worker=32768"
    "memorysetup-temp-allocator-size-gi-baking-worker=262144"
    "memorysetup-temp-allocator-size-gfx=262144"
Player connection [8749330944] Host "[IP] 10.10.1.96 [Port] 0 [Flags] 2 [Guid] 1544158329 [EditorId] 1544158329 [Version] 1048832 [Id] OSXEditor(0,Laptop.local) [Debug] 1 [PackageName] OSXEditor [ProjectName] Editor" joined multi-casting on [225.0.0.222:54997]...

Player connection [8749330944] Host "[IP] 10.10.1.96 [Port] 0 [Flags] 2 [Guid] 1544158329 [EditorId] 1544158329 [Version] 1048832 [Id] OSXEditor(0,Laptop.local) [Debug] 1 [PackageName] OSXEditor [ProjectName] Editor" joined alternative multi-casting on [225.0.0.222:34997]...

[Physics::Module] Initialized MultithreadedJobDispatcher with 9 workers.
Refreshing native plugins compatible for Editor in 0.01 ms, found 0 plugins.
Preloading 0 native plugins for Editor in 0.00 ms.
Initialize engine version: 2022.3.23f1 (dbb3f7c5b5c6)
[Subsystems] Discovering subsystems at path /Applications/Unity/Hub/Editor/2022.3.23f1/Unity.app/Contents/Resources/UnitySubsystems
[Subsystems] Discovering subsystems at path /Users/qizhang/Documents/GitHub/Food-Truck-VR/Assets
GfxDevice: creating device client; threaded=0; jobified=0
 preferred device: Apple M1 Pro (high power)
Metal devices available: 1
0: Apple M1 Pro (high power)
Using device Apple M1 Pro (high power)
Initializing Metal device caps: Apple M1 Pro
Initialize mono
Mono path[0] = '/Applications/Unity/Hub/Editor/2022.3.23f1/Unity.app/Contents/Managed'
Mono path[1] = '/Applications/Unity/Hub/Editor/2022.3.23f1/Unity.app/Contents/MonoBleedingEdge/lib/mono/unityjit-macos'
Mono config path = '/Applications/Unity/Hub/Editor/2022.3.23f1/Unity.app/Contents/MonoBleedingEdge/etc'
Using monoOptions --debugger-agent=transport=dt_socket,embedding=1,server=y,suspend=n,address=127.0.0.1:56043
Begin MonoManager ReloadAssembly
Registering precompiled unity dll's ...
Register platform support module: /Applications/Unity/Hub/Editor/2022.3.23f1/Unity.app/Contents/PlaybackEngines/MacStandaloneSupport/UnityEditor.OSXStandalone.Extensions.dll
Registered in 0.001145 seconds.
- Loaded All Assemblies, in  0.694 seconds
Native extension for OSXStandalone target not found
Mono: successfully reloaded assembly
- Finished resetting the current domain, in  1.315 seconds
Domain Reload Profiling: 2011ms
	BeginReloadAssembly (276ms)
		ExecutionOrderSort (0ms)
		DisableScriptedObjects (0ms)
		BackupInstance (0ms)
		ReleaseScriptingObjects (0ms)
		CreateAndSetChildDomain (3ms)
	RebuildCommonClasses (46ms)
	RebuildNativeTypeToScriptingClass (13ms)
	initialDomainReloadingComplete (184ms)
	LoadAllAssembliesAndSetupDomain (175ms)
		LoadAssemblies (272ms)
		RebuildTransferFunctionScriptingTraits (0ms)
		AnalyzeDomain (171ms)
			TypeCache.Refresh (168ms)
				TypeCache.ScanAssembly (151ms)
			ScanForSourceGeneratedMonoScriptInfo (0ms)
			ResolveRequiredComponents (2ms)
	FinalizeReload (1317ms)
		ReleaseScriptCaches (0ms)
		RebuildScriptCaches (0ms)
		SetupLoadedEditorAssemblies (1148ms)
			LogAssemblyErrors (0ms)
			InitializePlatformSupportModulesInManaged (33ms)
			SetLoadedEditorAssemblies (25ms)
			RefreshPlugins (0ms)
			BeforeProcessingInitializeOnLoad (9ms)
			ProcessInitializeOnLoadAttributes (819ms)
			ProcessInitializeOnLoadMethodAttributes (262ms)
			AfterProcessingInitializeOnLoad (0ms)
			EditorAssembliesLoaded (0ms)
		ExecutionOrderSort2 (0ms)
		AwakeInstancesAfterBackupRestoration (0ms)
========================================================================
Worker process is ready to serve import requests
Begin MonoManager ReloadAssembly
- Loaded All Assemblies, in  0.565 seconds
Refreshing native plugins compatible for Editor in 0.00 ms, found 0 plugins.
Native extension for OSXStandalone target not found
Mono: successfully reloaded assembly
- Finished resetting the current domain, in  1.493 seconds
Domain Reload Profiling: 2061ms
	BeginReloadAssembly (392ms)
		ExecutionOrderSort (0ms)
		DisableScriptedObjects (46ms)
		BackupInstance (0ms)
		ReleaseScriptingObjects (0ms)
		CreateAndSetChildDomain (38ms)
	RebuildCommonClasses (47ms)
	RebuildNativeTypeToScriptingClass (12ms)
	initialDomainReloadingComplete (74ms)
	LoadAllAssembliesAndSetupDomain (41ms)
		LoadAssemblies (189ms)
		RebuildTransferFunctionScriptingTraits (0ms)
		AnalyzeDomain (34ms)
			TypeCache.Refresh (17ms)
				TypeCache.ScanAssembly (10ms)
			ScanForSourceGeneratedMonoScriptInfo (10ms)
			ResolveRequiredComponents (6ms)
	FinalizeReload (1495ms)
		ReleaseScriptCaches (0ms)
		RebuildScriptCaches (0ms)
		SetupLoadedEditorAssemblies (1011ms)
			LogAssemblyErrors (0ms)
			InitializePlatformSupportModulesInManaged (25ms)
			SetLoadedEditorAssemblies (24ms)
			RefreshPlugins (0ms)
			BeforeProcessingInitializeOnLoad (137ms)
			ProcessInitializeOnLoadAttributes (702ms)
			ProcessInitializeOnLoadMethodAttributes (121ms)
			AfterProcessingInitializeOnLoad (1ms)
			EditorAssembliesLoaded (0ms)
		ExecutionOrderSort2 (0ms)
		AwakeInstancesAfterBackupRestoration (15ms)
Launching external process: /Applications/Unity/Hub/Editor/2022.3.23f1/Unity.app/Contents/Tools/UnityShaderCompiler
Launched and connected shader compiler UnityShaderCompiler after 0.10 seconds
Refreshing native plugins compatible for Editor in 0.00 ms, found 0 plugins.
Preloading 0 native plugins for Editor in 0.00 ms.
Unloading 458 Unused Serialized files (Serialized files now loaded: 0)
Unloading 8 unused Assets / (0.6 MB). Loaded Objects now: 980.
Memory consumption went from 164.8 MB to 164.2 MB.
Total: 3.129916 ms (FindLiveObjects: 0.067083 ms CreateObjectMapping: 0.014167 ms MarkObjects: 2.741667 ms  DeleteObjects: 0.303792 ms)

AssetImportParameters requested are different than current active one (requested -> active):
  custom:video-encoder-webm-vp8: eb34c28f22e8b96e1ab97ce403110664 -> 
  custom:video-decoder-webm-vp8: 9c59270c3fd7afecdb556c50c9e8de78 -> 
  custom:audio-decoder-ogg-vorbis: bf7c407c2cedff20999df2af8eb42d56 -> 
  custom:video-decoder-ogg-theora: a1e56fd34408186e4bbccfd4996cb3dc -> 
  custom:audio-encoder-webm-vorbis: bf7c407c2cedff20999df2af8eb42d56 -> 
  custom:SearchIndexIgnoredProperties: e643bd26f0fe6173181afceb89e7c659 -> 
  custom:container-demuxer-ogg: 62fdf1f143b41e24485cea50d1cbac27 -> 
  custom:AudioImporter_EditorPlatform: 3918e3fc78b5a79bad01e8451be0beb8 -> 
  custom:CustomObjectIndexerAttribute: 9a22284fe3817be447336de3de66b15e -> 
  custom:framework-osx-AVFoundation: e770b220cccbd017edd2c1fefb359320 -> 
  custom:container-demuxer-webm: 4f35f7cbe854078d1ac9338744f61a02 -> 
  custom:container-muxer-webm: aa71ff27fc2769a1b78a27578f13a17b -> 
========================================================================
Received Import Request.
  Time since last request: 1090364.787634 seconds.
  path: Assets/New Terrain 1.asset
  artifactKey: Guid(9d6619e9183f84377904ecc1e05f22db) Importer(815301076,1909f56bfc062723c751e8b465ee728b)
Start importing Assets/New Terrain 1.asset using Guid(9d6619e9183f84377904ecc1e05f22db) Importer(815301076,1909f56bfc062723c751e8b465ee728b)  -> (artifact id: '58a639635c6e6dd58423e08351661ce6') in 0.192508 seconds
Number of updated asset objects reloaded before import = 0
Number of asset objects unloaded after import = 3
========================================================================
Received Import Request.
  Time since last request: 4.347777 seconds.
  path: Assets/City park/Ground_textures/Gravel/Gravel_basecolor.png
  artifactKey: Guid(cfe7214bb2deff5419251c47cba8c967) Importer(815301076,1909f56bfc062723c751e8b465ee728b)
Start importing Assets/City park/Ground_textures/Gravel/Gravel_basecolor.png using Guid(cfe7214bb2deff5419251c47cba8c967) Importer(815301076,1909f56bfc062723c751e8b465ee728b)  -> (artifact id: '80e6c1ff8e33621d60cb13613b48ce0b') in 0.024349 seconds
Number of updated asset objects reloaded before import = 0
Number of asset objects unloaded after import = 2
========================================================================
Received Import Request.
  Time since last request: 7.272265 seconds.
  path: Assets/Fast_food/Textures/airconditioner_nmap.png
  artifactKey: Guid(cb7f70544a833644db2213529aab53cc) Importer(815301076,1909f56bfc062723c751e8b465ee728b)
Start importing Assets/Fast_food/Textures/airconditioner_nmap.png using Guid(cb7f70544a833644db2213529aab53cc) Importer(815301076,1909f56bfc062723c751e8b465ee728b)  -> (artifact id: '458fc89625eba899faa0ebf34ddd1f45') in 0.035451 seconds
Number of updated asset objects reloaded before import = 0
Number of asset objects unloaded after import = 2
========================================================================
Received Import Request.
  Time since last request: 0.000407 seconds.
  path: Assets/Fruit Market/Textures/1024 x 1024/Apples_02.png
  artifactKey: Guid(1785503bf88aa944f9f00400a850b6ed) Importer(815301076,1909f56bfc062723c751e8b465ee728b)
Start importing Assets/Fruit Market/Textures/1024 x 1024/Apples_02.png using Guid(1785503bf88aa944f9f00400a850b6ed) Importer(815301076,1909f56bfc062723c751e8b465ee728b)  -> (artifact id: 'bb254f6ba22d268705dc72974af8a4b0') in 0.012860 seconds
Number of updated asset objects reloaded before import = 0
Number of asset objects unloaded after import = 2
========================================================================
Received Import Request.
  Time since last request: 0.000137 seconds.
  path: Assets/Fruit Market/Textures/256 x 256/Apples_01.png
  artifactKey: Guid(33c308bda959e1c409624101b0214382) Importer(815301076,1909f56bfc062723c751e8b465ee728b)
Start importing Assets/Fruit Market/Textures/256 x 256/Apples_01.png using Guid(33c308bda959e1c409624101b0214382) Importer(815301076,1909f56bfc062723c751e8b465ee728b)  -> (artifact id: '07c4e4a11e5ac794acd7f834e98a784c') in 0.009342 seconds
Number of updated asset objects reloaded before import = 0
Number of asset objects unloaded after import = 2
========================================================================
Received Import Request.
  Time since last request: 0.000704 seconds.
  path: Assets/Fruit Market/Textures/512 x 512/Apples_01.png
  artifactKey: Guid(10c87a1ee0c811b4bb6a0dabfed02f2b) Importer(815301076,1909f56bfc062723c751e8b465ee728b)
Start importing Assets/Fruit Market/Textures/512 x 512/Apples_01.png using Guid(10c87a1ee0c811b4bb6a0dabfed02f2b) Importer(815301076,1909f56bfc062723c751e8b465ee728b)  -> (artifact id: 'e9007b1ca1e0858c049841f319a4341e') in 0.006989 seconds
Number of updated asset objects reloaded before import = 0
Number of asset objects unloaded after import = 2
========================================================================
Received Import Request.
  Time since last request: 0.000106 seconds.
  path: Assets/Fruit Market/Textures/256 x 256/Apples_02.png
  artifactKey: Guid(ff2a5ef67ac6b0c46950ec1c6305c42f) Importer(815301076,1909f56bfc062723c751e8b465ee728b)
Start importing Assets/Fruit Market/Textures/256 x 256/Apples_02.png using Guid(ff2a5ef67ac6b0c46950ec1c6305c42f) Importer(815301076,1909f56bfc062723c751e8b465ee728b)  -> (artifact id: 'c4ec84c5896196686ff5553cd3db2909') in 0.006091 seconds
Number of updated asset objects reloaded before import = 0
Number of asset objects unloaded after import = 2
========================================================================
Received Import Request.
  Time since last request: 0.000099 seconds.
  path: Assets/Fruit Market/Textures/1024 x 1024/Apples_01.png
  artifactKey: Guid(5f162695fa8c2264f905258f23a515a0) Importer(815301076,1909f56bfc062723c751e8b465ee728b)
Start importing Assets/Fruit Market/Textures/1024 x 1024/Apples_01.png using Guid(5f162695fa8c2264f905258f23a515a0) Importer(815301076,1909f56bfc062723c751e8b465ee728b)  -> (artifact id: 'ce5a43fdd501b215e53e904aa9ea5f7c') in 0.006709 seconds
Number of updated asset objects reloaded before import = 0
Number of asset objects unloaded after import = 2
========================================================================
Received Import Request.
  Time since last request: 2.301416 seconds.
  path: Assets/City park/Grass_and_flowers/Grass_cut_v1.png
  artifactKey: Guid(190b329c95b987b4980b22273575ac2c) Importer(815301076,1909f56bfc062723c751e8b465ee728b)
Start importing Assets/City park/Grass_and_flowers/Grass_cut_v1.png using Guid(190b329c95b987b4980b22273575ac2c) Importer(815301076,1909f56bfc062723c751e8b465ee728b)  -> (artifact id: '7903b2bbbea559d80ce415bfe25a7ad0') in 0.008463 seconds
Number of updated asset objects reloaded before import = 0
Number of asset objects unloaded after import = 2
========================================================================
Received Import Request.
  Time since last request: 0.000129 seconds.
  path: Assets/Fast_food/Textures/Long_Grass04.png
  artifactKey: Guid(af48f7602d154f1429ee2d3c4cda6d61) Importer(815301076,1909f56bfc062723c751e8b465ee728b)
Start importing Assets/Fast_food/Textures/Long_Grass04.png using Guid(af48f7602d154f1429ee2d3c4cda6d61) Importer(815301076,1909f56bfc062723c751e8b465ee728b)  -> (artifact id: '866a4599834c06add83614b2610c1614') in 0.009708 seconds
Number of updated asset objects reloaded before import = 0
Number of asset objects unloaded after import = 2
========================================================================
Received Import Request.
  Time since last request: 0.000144 seconds.
  path: Assets/Fast_food/Textures/long_grass02.png
  artifactKey: Guid(c1eea75f856d20949b859bff27472d6d) Importer(815301076,1909f56bfc062723c751e8b465ee728b)
Start importing Assets/Fast_food/Textures/long_grass02.png using Guid(c1eea75f856d20949b859bff27472d6d) Importer(815301076,1909f56bfc062723c751e8b465ee728b)  -> (artifact id: 'c690b90c2f5df7a9600ec5bc3e176c79') in 0.007933 seconds
Number of updated asset objects reloaded before import = 0
Number of asset objects unloaded after import = 2
========================================================================
Received Import Request.
  Time since last request: 0.000098 seconds.
  path: Assets/City park/Ground_textures/GrassGround/Grass_ground_MADS.tif
  artifactKey: Guid(4f31ec00d979a594c9f402185ed1159d) Importer(815301076,1909f56bfc062723c751e8b465ee728b)
Start importing Assets/City park/Ground_textures/GrassGround/Grass_ground_MADS.tif using Guid(4f31ec00d979a594c9f402185ed1159d) Importer(815301076,1909f56bfc062723c751e8b465ee728b)  -> (artifact id: '5fd0cdb7bebd8a9951f6cbae8bb6a962') in 0.007063 seconds
Number of updated asset objects reloaded before import = 0
Number of asset objects unloaded after import = 2
========================================================================
Received Import Request.
  Time since last request: 9.275217 seconds.
  path: Assets/TextMesh Pro/Examples & Extras/Textures/Floor Cement.jpg
  artifactKey: Guid(283f897e4925411ebbaa758b4cb13fc2) Importer(815301076,1909f56bfc062723c751e8b465ee728b)
Start importing Assets/TextMesh Pro/Examples & Extras/Textures/Floor Cement.jpg using Guid(283f897e4925411ebbaa758b4cb13fc2) Importer(815301076,1909f56bfc062723c751e8b465ee728b)  -> (artifact id: 'cc0735a06a17770b7b32ebcda5cb089e') in 0.007946 seconds
Number of updated asset objects reloaded before import = 0
Number of asset objects unloaded after import = 2
========================================================================
Received Import Request.
  Time since last request: 0.000182 seconds.
  path: Assets/Fast_food/Scenes/fast_food/ReflectionProbe-0.exr
  artifactKey: Guid(4250dcbe1dfe28447b124b30ea922533) Importer(815301076,1909f56bfc062723c751e8b465ee728b)
Start importing Assets/Fast_food/Scenes/fast_food/ReflectionProbe-0.exr using Guid(4250dcbe1dfe28447b124b30ea922533) Importer(815301076,1909f56bfc062723c751e8b465ee728b)  -> (artifact id: '3948562d234f446b6ef7c4d75483d10c') in 0.120309 seconds
Number of updated asset objects reloaded before import = 0
Number of asset objects unloaded after import = 1
========================================================================
Received Import Request.
  Time since last request: 2.663911 seconds.
  path: Assets/Fast_food/Textures/Bricks_brown_dif.png
  artifactKey: Guid(78894b757bd34324ab4683ccfe4972ca) Importer(815301076,1909f56bfc062723c751e8b465ee728b)
Start importing Assets/Fast_food/Textures/Bricks_brown_dif.png using Guid(78894b757bd34324ab4683ccfe4972ca) Importer(815301076,1909f56bfc062723c751e8b465ee728b)  -> (artifact id: '97c77eff4b2a923468360336fff6bdb6') in 0.008870 seconds
Number of updated asset objects reloaded before import = 0
Number of asset objects unloaded after import = 2
========================================================================
Received Import Request.
  Time since last request: 0.000171 seconds.
  path: Assets/SimplePoly City - Low Poly Assets/Textures/Building_Fast Food.png
  artifactKey: Guid(06b4c0119aac8524ca9230c7fabe315b) Importer(815301076,1909f56bfc062723c751e8b465ee728b)
Start importing Assets/SimplePoly City - Low Poly Assets/Textures/Building_Fast Food.png using Guid(06b4c0119aac8524ca9230c7fabe315b) Importer(815301076,1909f56bfc062723c751e8b465ee728b)  -> (artifact id: '404b065468a8fc6d39c738989047d222') in 0.008705 seconds
Number of updated asset objects reloaded before import = 0
Number of asset objects unloaded after import = 2
========================================================================
Received Import Request.
  Time since last request: 0.000415 seconds.
  path: Assets/SimplePoly City - Low Poly Assets/Textures/Building_Coffee Shop.png
  artifactKey: Guid(939ea9febbadb6e4c906dcd31ca81e78) Importer(815301076,1909f56bfc062723c751e8b465ee728b)
Start importing Assets/SimplePoly City - Low Poly Assets/Textures/Building_Coffee Shop.png using Guid(939ea9febbadb6e4c906dcd31ca81e78) Importer(815301076,1909f56bfc062723c751e8b465ee728b)  -> (artifact id: '3bfab0484cad91314520fb6a103eba58') in 0.008167 seconds
Number of updated asset objects reloaded before import = 0
Number of asset objects unloaded after import = 2
========================================================================
Received Import Request.
  Time since last request: 0.000239 seconds.
  path: Assets/SimplePoly City - Low Poly Assets/Textures/Building_Factory.png
  artifactKey: Guid(952048546b1814f4480519f6d11e8c3c) Importer(815301076,1909f56bfc062723c751e8b465ee728b)
Start importing Assets/SimplePoly City - Low Poly Assets/Textures/Building_Factory.png using Guid(952048546b1814f4480519f6d11e8c3c) Importer(815301076,1909f56bfc062723c751e8b465ee728b)  -> (artifact id: '6596d07c24488a21d5599a7f497b2fa8') in 0.009595 seconds
Number of updated asset objects reloaded before import = 0
Number of asset objects unloaded after import = 2
========================================================================
Received Import Request.
  Time since last request: 0.000215 seconds.
  path: Assets/SimplePoly City - Low Poly Assets/Textures/Building_Fruits  Shop.png
  artifactKey: Guid(06486f90deb2cc24492333b868a4b0a2) Importer(815301076,1909f56bfc062723c751e8b465ee728b)
Start importing Assets/SimplePoly City - Low Poly Assets/Textures/Building_Fruits  Shop.png using Guid(06486f90deb2cc24492333b868a4b0a2) Importer(815301076,1909f56bfc062723c751e8b465ee728b)  -> (artifact id: '2987721d4b63848101580ddfb70708d4') in 0.010556 seconds
Number of updated asset objects reloaded before import = 0
Number of asset objects unloaded after import = 2
========================================================================
Received Import Request.
  Time since last request: 0.000100 seconds.
  path: Assets/SimplePoly City - Low Poly Assets/Textures/Building_Gift Shop.png
  artifactKey: Guid(0ddba491ce4a04c4b8def1195e6300d8) Importer(815301076,1909f56bfc062723c751e8b465ee728b)
Start importing Assets/SimplePoly City - Low Poly Assets/Textures/Building_Gift Shop.png using Guid(0ddba491ce4a04c4b8def1195e6300d8) Importer(815301076,1909f56bfc062723c751e8b465ee728b)  -> (artifact id: '08427724350fcf80528848dcfde7f6a3') in 0.007071 seconds
Number of updated asset objects reloaded before import = 0
Number of asset objects unloaded after import = 2
========================================================================
Received Import Request.
  Time since last request: 0.257465 seconds.
  path: Assets/TextMesh Pro/Examples & Extras/Textures/Text Overflow - Linked Text UI Screenshot.png
  artifactKey: Guid(c76d18757a194d618355f05f815cb0a1) Importer(815301076,1909f56bfc062723c751e8b465ee728b)
Start importing Assets/TextMesh Pro/Examples & Extras/Textures/Text Overflow - Linked Text UI Screenshot.png using Guid(c76d18757a194d618355f05f815cb0a1) Importer(815301076,1909f56bfc062723c751e8b465ee728b)  -> (artifact id: 'dc8465ee2a6bb5684f5bfd7cb5c6d1bb') in 0.027790 seconds
Number of updated asset objects reloaded before import = 0
Number of asset objects unloaded after import = 2
========================================================================
Received Import Request.
  Time since last request: 38.293235 seconds.
  path: Assets/City park/Scenes/SampleScene/Lightmap-0_comp_dir.png
  artifactKey: Guid(d7159f9c37a8a2a448b633401c2dc6fd) Importer(815301076,1909f56bfc062723c751e8b465ee728b)
Start importing Assets/City park/Scenes/SampleScene/Lightmap-0_comp_dir.png using Guid(d7159f9c37a8a2a448b633401c2dc6fd) Importer(815301076,1909f56bfc062723c751e8b465ee728b)  -> (artifact id: '7899376699ec2c6e6e6ba64abf40a5ad') in 0.056126 seconds
Number of updated asset objects reloaded before import = 0
Number of asset objects unloaded after import = 2
========================================================================
Received Import Request.
  Time since last request: 0.000127 seconds.
  path: Assets/City park/Scenes/SampleScene/Lightmap-0_comp_shadowmask.png
  artifactKey: Guid(f1f9bc410df948a4ea83323f18fb59e4) Importer(815301076,1909f56bfc062723c751e8b465ee728b)
Start importing Assets/City park/Scenes/SampleScene/Lightmap-0_comp_shadowmask.png using Guid(f1f9bc410df948a4ea83323f18fb59e4) Importer(815301076,1909f56bfc062723c751e8b465ee728b)  -> (artifact id: '624d6977ecb2760fd52b33a086c997ef') in 0.014018 seconds
Number of updated asset objects reloaded before import = 0
Number of asset objects unloaded after import = 2
