Unity Editor version:    2022.3.23f1 (dbb3f7c5b5c6)
Branch:                  2022.3/staging
Build type:              Release
Batch mode:              YES
macOS version:           Version 12.0.1 (Build 21A559)
Darwin version:          21.1.0
Architecture:            x86_64
Running under Rosetta:   YES
Available memory:        16384 MB
Using pre-set license
Pro License: YES

COMMAND LINE ARGUMENTS:
/Applications/Unity/Hub/Editor/2022.3.23f1/Unity.app/Contents/MacOS/Unity
-adb2
-batchMode
-noUpm
-name
AssetImportWorker0
-projectPath
/Users/finn/Desktop/Inf-kn/7.Semester/VirAugReality/Food-Truck-VR
-logFile
Logs/AssetImportWorker0.log
-srvPort
59831
Successfully changed project path to: /Users/finn/Desktop/Inf-kn/7.Semester/VirAugReality/Food-Truck-VR
/Users/finn/Desktop/Inf-kn/7.Semester/VirAugReality/Food-Truck-VR
[UnityMemory] Configuration Parameters - Can be set up in boot.config
    "memorysetup-bucket-allocator-granularity=16"
    "memorysetup-bucket-allocator-bucket-count=8"
    "memorysetup-bucket-allocator-block-size=33554432"
    "memorysetup-bucket-allocator-block-count=8"
    "memorysetup-main-allocator-block-size=16777216"
    "memorysetup-thread-allocator-block-size=16777216"
    "memorysetup-gfx-main-allocator-block-size=16777216"
    "memorysetup-gfx-thread-allocator-block-size=16777216"
    "memorysetup-cache-allocator-block-size=4194304"
    "memorysetup-typetree-allocator-block-size=2097152"
    "memorysetup-profiler-bucket-allocator-granularity=16"
    "memorysetup-profiler-bucket-allocator-bucket-count=8"
    "memorysetup-profiler-bucket-allocator-block-size=33554432"
    "memorysetup-profiler-bucket-allocator-block-count=8"
    "memorysetup-profiler-allocator-block-size=16777216"
    "memorysetup-profiler-editor-allocator-block-size=1048576"
    "memorysetup-temp-allocator-size-main=16777216"
    "memorysetup-job-temp-allocator-block-size=2097152"
    "memorysetup-job-temp-allocator-block-size-background=1048576"
    "memorysetup-job-temp-allocator-reduction-small-platforms=262144"
    "memorysetup-allocator-temp-initial-block-size-main=262144"
    "memorysetup-allocator-temp-initial-block-size-worker=262144"
    "memorysetup-temp-allocator-size-background-worker=32768"
    "memorysetup-temp-allocator-size-job-worker=262144"
    "memorysetup-temp-allocator-size-preload-manager=33554432"
    "memorysetup-temp-allocator-size-nav-mesh-worker=65536"
    "memorysetup-temp-allocator-size-audio-worker=65536"
    "memorysetup-temp-allocator-size-cloud-worker=32768"
    "memorysetup-temp-allocator-size-gi-baking-worker=262144"
    "memorysetup-temp-allocator-size-gfx=262144"
Player connection [8718038528] Host "[IP] 192.168.178.46 [Port] 0 [Flags] 2 [Guid] 278551827 [EditorId] 278551827 [Version] 1048832 [Id] OSXEditor(0,kiwi.fritz.box) [Debug] 1 [PackageName] OSXEditor [ProjectName] Editor" joined multi-casting on [225.0.0.222:54997]...

Player connection [8718038528] Host "[IP] 192.168.178.46 [Port] 0 [Flags] 2 [Guid] 278551827 [EditorId] 278551827 [Version] 1048832 [Id] OSXEditor(0,kiwi.fritz.box) [Debug] 1 [PackageName] OSXEditor [ProjectName] Editor" joined alternative multi-casting on [225.0.0.222:34997]...

[Physics::Module] Initialized MultithreadedJobDispatcher with 7 workers.
Refreshing native plugins compatible for Editor in 0.00 ms, found 0 plugins.
Preloading 0 native plugins for Editor in 0.00 ms.
Initialize engine version: 2022.3.23f1 (dbb3f7c5b5c6)
[Subsystems] Discovering subsystems at path /Applications/Unity/Hub/Editor/2022.3.23f1/Unity.app/Contents/Resources/UnitySubsystems
[Subsystems] Discovering subsystems at path /Users/finn/Desktop/Inf-kn/7.Semester/VirAugReality/Food-Truck-VR/Assets
GfxDevice: creating device client; threaded=0; jobified=0
 preferred device: Apple M1 (high power)
Metal devices available: 1
0: Apple M1 (high power)
Using device Apple M1 (high power)
Initializing Metal device caps: Apple M1
Initialize mono
Mono path[0] = '/Applications/Unity/Hub/Editor/2022.3.23f1/Unity.app/Contents/Managed'
Mono path[1] = '/Applications/Unity/Hub/Editor/2022.3.23f1/Unity.app/Contents/MonoBleedingEdge/lib/mono/unityjit-macos'
Mono config path = '/Applications/Unity/Hub/Editor/2022.3.23f1/Unity.app/Contents/MonoBleedingEdge/etc'
Using monoOptions --debugger-agent=transport=dt_socket,embedding=1,server=y,suspend=n,address=127.0.0.1:56042
Begin MonoManager ReloadAssembly
Registering precompiled unity dll's ...
Register platform support module: /Applications/Unity/Hub/Editor/2022.3.23f1/Unity.app/Contents/PlaybackEngines/MacStandaloneSupport/UnityEditor.OSXStandalone.Extensions.dll
Registered in 0.001332 seconds.
- Loaded All Assemblies, in  0.598 seconds
Native extension for OSXStandalone target not found
Mono: successfully reloaded assembly
- Finished resetting the current domain, in  0.965 seconds
Domain Reload Profiling: 1564ms
	BeginReloadAssembly (194ms)
		ExecutionOrderSort (0ms)
		DisableScriptedObjects (0ms)
		BackupInstance (0ms)
		ReleaseScriptingObjects (0ms)
		CreateAndSetChildDomain (3ms)
	RebuildCommonClasses (54ms)
	RebuildNativeTypeToScriptingClass (15ms)
	initialDomainReloadingComplete (143ms)
	LoadAllAssembliesAndSetupDomain (191ms)
		LoadAssemblies (191ms)
		RebuildTransferFunctionScriptingTraits (0ms)
		AnalyzeDomain (188ms)
			TypeCache.Refresh (184ms)
				TypeCache.ScanAssembly (169ms)
			ScanForSourceGeneratedMonoScriptInfo (0ms)
			ResolveRequiredComponents (3ms)
	FinalizeReload (966ms)
		ReleaseScriptCaches (0ms)
		RebuildScriptCaches (0ms)
		SetupLoadedEditorAssemblies (825ms)
			LogAssemblyErrors (0ms)
			InitializePlatformSupportModulesInManaged (27ms)
			SetLoadedEditorAssemblies (19ms)
			RefreshPlugins (0ms)
			BeforeProcessingInitializeOnLoad (8ms)
			ProcessInitializeOnLoadAttributes (576ms)
			ProcessInitializeOnLoadMethodAttributes (194ms)
			AfterProcessingInitializeOnLoad (0ms)
			EditorAssembliesLoaded (0ms)
		ExecutionOrderSort2 (0ms)
		AwakeInstancesAfterBackupRestoration (0ms)
========================================================================
Worker process is ready to serve import requests
Begin MonoManager ReloadAssembly
- Loaded All Assemblies, in  0.497 seconds
Refreshing native plugins compatible for Editor in 0.00 ms, found 0 plugins.
Native extension for OSXStandalone target not found
Mono: successfully reloaded assembly
- Finished resetting the current domain, in  1.162 seconds
Domain Reload Profiling: 1660ms
	BeginReloadAssembly (329ms)
		ExecutionOrderSort (0ms)
		DisableScriptedObjects (40ms)
		BackupInstance (0ms)
		ReleaseScriptingObjects (0ms)
		CreateAndSetChildDomain (44ms)
	RebuildCommonClasses (58ms)
	RebuildNativeTypeToScriptingClass (15ms)
	initialDomainReloadingComplete (56ms)
	LoadAllAssembliesAndSetupDomain (38ms)
		LoadAssemblies (155ms)
		RebuildTransferFunctionScriptingTraits (0ms)
		AnalyzeDomain (33ms)
			TypeCache.Refresh (18ms)
				TypeCache.ScanAssembly (11ms)
			ScanForSourceGeneratedMonoScriptInfo (8ms)
			ResolveRequiredComponents (6ms)
	FinalizeReload (1163ms)
		ReleaseScriptCaches (0ms)
		RebuildScriptCaches (0ms)
		SetupLoadedEditorAssemblies (760ms)
			LogAssemblyErrors (0ms)
			InitializePlatformSupportModulesInManaged (20ms)
			SetLoadedEditorAssemblies (18ms)
			RefreshPlugins (0ms)
			BeforeProcessingInitializeOnLoad (107ms)
			ProcessInitializeOnLoadAttributes (521ms)
			ProcessInitializeOnLoadMethodAttributes (91ms)
			AfterProcessingInitializeOnLoad (1ms)
			EditorAssembliesLoaded (0ms)
		ExecutionOrderSort2 (0ms)
		AwakeInstancesAfterBackupRestoration (13ms)
Launching external process: /Applications/Unity/Hub/Editor/2022.3.23f1/Unity.app/Contents/Tools/UnityShaderCompiler
Launched and connected shader compiler UnityShaderCompiler after 0.08 seconds
Refreshing native plugins compatible for Editor in 0.00 ms, found 0 plugins.
Preloading 0 native plugins for Editor in 0.00 ms.
Unloading 458 Unused Serialized files (Serialized files now loaded: 0)
Unloading 8 unused Assets / (0.6 MB). Loaded Objects now: 971.
Memory consumption went from 284.5 MB to 283.9 MB.
Total: 2.785958 ms (FindLiveObjects: 0.053333 ms CreateObjectMapping: 0.012625 ms MarkObjects: 2.428000 ms  DeleteObjects: 0.291084 ms)

AssetImportParameters requested are different than current active one (requested -> active):
  custom:video-encoder-webm-vp8: eb34c28f22e8b96e1ab97ce403110664 -> 
  custom:video-decoder-webm-vp8: 9c59270c3fd7afecdb556c50c9e8de78 -> 
  custom:audio-decoder-ogg-vorbis: bf7c407c2cedff20999df2af8eb42d56 -> 
  custom:video-decoder-ogg-theora: a1e56fd34408186e4bbccfd4996cb3dc -> 
  custom:audio-encoder-webm-vorbis: bf7c407c2cedff20999df2af8eb42d56 -> 
  custom:SearchIndexIgnoredProperties: e643bd26f0fe6173181afceb89e7c659 -> 
  custom:container-demuxer-ogg: 62fdf1f143b41e24485cea50d1cbac27 -> 
  custom:AudioImporter_EditorPlatform: 3918e3fc78b5a79bad01e8451be0beb8 -> 
  custom:CustomObjectIndexerAttribute: 9a22284fe3817be447336de3de66b15e -> 
  custom:framework-osx-AVFoundation: e770b220cccbd017edd2c1fefb359320 -> 
  custom:container-demuxer-webm: 4f35f7cbe854078d1ac9338744f61a02 -> 
  custom:container-muxer-webm: aa71ff27fc2769a1b78a27578f13a17b -> 
========================================================================
Received Import Request.
  Time since last request: 65788.396452 seconds.
  path: Assets/Stylized Wood Textures/Materials
  artifactKey: Guid(c2d16f73abf114443b1d40e128bc7e22) Importer(815301076,1909f56bfc062723c751e8b465ee728b)
Start importing Assets/Stylized Wood Textures/Materials using Guid(c2d16f73abf114443b1d40e128bc7e22) Importer(815301076,1909f56bfc062723c751e8b465ee728b)  -> (artifact id: 'd4337177e2815c097b5caba24819cd0f') in 0.004910 seconds
Number of updated asset objects reloaded before import = 0
Number of asset objects unloaded after import = 0
========================================================================
Received Import Request.
  Time since last request: 3.518531 seconds.
  path: Assets/Stylized Wood Textures/Materials/Chevron/Chevron.mat
  artifactKey: Guid(0141bc0de40b03c47a7d54dba3567d7e) Importer(815301076,1909f56bfc062723c751e8b465ee728b)
Start importing Assets/Stylized Wood Textures/Materials/Chevron/Chevron.mat using Guid(0141bc0de40b03c47a7d54dba3567d7e) Importer(815301076,1909f56bfc062723c751e8b465ee728b)  -> (artifact id: 'aafc86f12154d07fbca1e59690f67cee') in 0.631373 seconds
Number of updated asset objects reloaded before import = 0
Number of asset objects unloaded after import = 6
========================================================================
Received Import Request.
  Time since last request: 0.296823 seconds.
  path: Assets/Stylized Wood Textures/Materials/Herringbone/Herringbone.mat
  artifactKey: Guid(0576b3490a5948442aace3fadba823bb) Importer(815301076,1909f56bfc062723c751e8b465ee728b)
Start importing Assets/Stylized Wood Textures/Materials/Herringbone/Herringbone.mat using Guid(0576b3490a5948442aace3fadba823bb) Importer(815301076,1909f56bfc062723c751e8b465ee728b)  -> (artifact id: '008c89c244861c9a13bf8d49bd7536d8') in 0.031918 seconds
Number of updated asset objects reloaded before import = 0
Number of asset objects unloaded after import = 6
========================================================================
Received Import Request.
  Time since last request: 1.069608 seconds.
  path: Assets/Stylized Wood Textures/Materials/Panels/Panels.mat
  artifactKey: Guid(a29dc5e705e2f4a429ca2000cb221c43) Importer(815301076,1909f56bfc062723c751e8b465ee728b)
Start importing Assets/Stylized Wood Textures/Materials/Panels/Panels.mat using Guid(a29dc5e705e2f4a429ca2000cb221c43) Importer(815301076,1909f56bfc062723c751e8b465ee728b)  -> (artifact id: '97b136ecfb3cc6a08ca8a5fce8f5e7a1') in 0.019801 seconds
Number of updated asset objects reloaded before import = 0
Number of asset objects unloaded after import = 6
========================================================================
Received Import Request.
  Time since last request: 0.778373 seconds.
  path: Assets/Stylized Wood Textures/Materials/Planks/Planks.mat
  artifactKey: Guid(a384b583426023d4da68d3f25e868451) Importer(815301076,1909f56bfc062723c751e8b465ee728b)
Start importing Assets/Stylized Wood Textures/Materials/Planks/Planks.mat using Guid(a384b583426023d4da68d3f25e868451) Importer(815301076,1909f56bfc062723c751e8b465ee728b)  -> (artifact id: '1f20351369575cf636b2d19189bcf7bb') in 0.024084 seconds
Number of updated asset objects reloaded before import = 0
Number of asset objects unloaded after import = 6
========================================================================
Received Import Request.
  Time since last request: 1.022333 seconds.
  path: Assets/Stylized Wood Textures/Materials/Square/Square.mat
  artifactKey: Guid(4ddb30289dc6d6a47a05448ca7275e5c) Importer(815301076,1909f56bfc062723c751e8b465ee728b)
Start importing Assets/Stylized Wood Textures/Materials/Square/Square.mat using Guid(4ddb30289dc6d6a47a05448ca7275e5c) Importer(815301076,1909f56bfc062723c751e8b465ee728b)  -> (artifact id: '45359efa7044d15f7997d6b1f82f6523') in 0.018478 seconds
Number of updated asset objects reloaded before import = 0
Number of asset objects unloaded after import = 6
========================================================================
Received Import Request.
  Time since last request: 0.781654 seconds.
  path: Assets/Stylized Wood Textures/Materials/Triangle/Triangle.mat
  artifactKey: Guid(5e85b5e82c1a1a84186c3baf89e174c7) Importer(815301076,1909f56bfc062723c751e8b465ee728b)
Start importing Assets/Stylized Wood Textures/Materials/Triangle/Triangle.mat using Guid(5e85b5e82c1a1a84186c3baf89e174c7) Importer(815301076,1909f56bfc062723c751e8b465ee728b)  -> (artifact id: '9f5b86dc213c3176c8ddd081127044b9') in 0.019134 seconds
Number of updated asset objects reloaded before import = 0
Number of asset objects unloaded after import = 6
========================================================================
Received Import Request.
  Time since last request: 224.983562 seconds.
  path: Assets/Original Wood Textures/Wood Texture 01/Wood Texture 01.mat
  artifactKey: Guid(d9e6a8c3b79a0ac4d8e9776bb25bfa16) Importer(815301076,1909f56bfc062723c751e8b465ee728b)
Start importing Assets/Original Wood Textures/Wood Texture 01/Wood Texture 01.mat using Guid(d9e6a8c3b79a0ac4d8e9776bb25bfa16) Importer(815301076,1909f56bfc062723c751e8b465ee728b)  -> (artifact id: 'a8c18e3d187701d0d57d391b50a4201a') in 0.175892 seconds
Number of updated asset objects reloaded before import = 0
Number of asset objects unloaded after import = 3
========================================================================
Received Import Request.
  Time since last request: 0.000044 seconds.
  path: Assets/Original Wood Textures/Wood Texture 01/Wood Texture 01 normal.tga
  artifactKey: Guid(396ef6a70ab84ea4b85fa6bd0765c548) Importer(815301076,1909f56bfc062723c751e8b465ee728b)
Start importing Assets/Original Wood Textures/Wood Texture 01/Wood Texture 01 normal.tga using Guid(396ef6a70ab84ea4b85fa6bd0765c548) Importer(815301076,1909f56bfc062723c751e8b465ee728b)  -> (artifact id: 'a0531f8adf839d3db81bdfdc204790e9') in 0.059070 seconds
Number of updated asset objects reloaded before import = 0
Number of asset objects unloaded after import = 2
========================================================================
Received Import Request.
  Time since last request: 7.153081 seconds.
  path: Assets/Original Wood Textures/Wood Texture 02/Wood Texture 02.mat
  artifactKey: Guid(5eb7ee7380c58854885d9b0c36e8972f) Importer(815301076,1909f56bfc062723c751e8b465ee728b)
Start importing Assets/Original Wood Textures/Wood Texture 02/Wood Texture 02.mat using Guid(5eb7ee7380c58854885d9b0c36e8972f) Importer(815301076,1909f56bfc062723c751e8b465ee728b)  -> (artifact id: '4de95e155aaf2e2aafb6ed51c642387f') in 0.017419 seconds
Number of updated asset objects reloaded before import = 0
Number of asset objects unloaded after import = 3
========================================================================
Received Import Request.
  Time since last request: 0.000138 seconds.
  path: Assets/Original Wood Textures/Wood Texture 02/Wood Texture 02 normal.tga
  artifactKey: Guid(9c179042e6e0aed4784fc66ca6d63f8a) Importer(815301076,1909f56bfc062723c751e8b465ee728b)
Start importing Assets/Original Wood Textures/Wood Texture 02/Wood Texture 02 normal.tga using Guid(9c179042e6e0aed4784fc66ca6d63f8a) Importer(815301076,1909f56bfc062723c751e8b465ee728b)  -> (artifact id: 'ce37a99444c897cc12ea77fa2f59b010') in 0.010576 seconds
Number of updated asset objects reloaded before import = 0
Number of asset objects unloaded after import = 2
========================================================================
Received Import Request.
  Time since last request: 1.107602 seconds.
  path: Assets/Original Wood Textures/Wood Texture 03/Wood Texture 03.mat
  artifactKey: Guid(5d6806ab6c681494e81a3e2d7de093a3) Importer(815301076,1909f56bfc062723c751e8b465ee728b)
Start importing Assets/Original Wood Textures/Wood Texture 03/Wood Texture 03.mat using Guid(5d6806ab6c681494e81a3e2d7de093a3) Importer(815301076,1909f56bfc062723c751e8b465ee728b)  -> (artifact id: '5b9aa340a046e13286ea9cb9de7d5793') in 0.016113 seconds
Number of updated asset objects reloaded before import = 0
Number of asset objects unloaded after import = 3
========================================================================
Received Import Request.
  Time since last request: 0.566860 seconds.
  path: Assets/Original Wood Textures/Wood Texture 04/Wood Texture 04.mat
  artifactKey: Guid(cdd0f621478771b45b4fc5898d61191d) Importer(815301076,1909f56bfc062723c751e8b465ee728b)
Start importing Assets/Original Wood Textures/Wood Texture 04/Wood Texture 04.mat using Guid(cdd0f621478771b45b4fc5898d61191d) Importer(815301076,1909f56bfc062723c751e8b465ee728b)  -> (artifact id: 'a49e019cd8d8d3997e6eadf2c5b9716a') in 0.015897 seconds
Number of updated asset objects reloaded before import = 0
Number of asset objects unloaded after import = 3
========================================================================
Received Import Request.
  Time since last request: 0.764279 seconds.
  path: Assets/Original Wood Textures/Wood Texture 06/Wood Texture 06.mat
  artifactKey: Guid(7ab5419603cdd1b47bcffeff55825849) Importer(815301076,1909f56bfc062723c751e8b465ee728b)
Start importing Assets/Original Wood Textures/Wood Texture 06/Wood Texture 06.mat using Guid(7ab5419603cdd1b47bcffeff55825849) Importer(815301076,1909f56bfc062723c751e8b465ee728b)  -> (artifact id: 'a8a60a62fcc57c373e6544b52164187c') in 0.015761 seconds
Number of updated asset objects reloaded before import = 0
Number of asset objects unloaded after import = 3
========================================================================
Received Import Request.
  Time since last request: 0.640288 seconds.
  path: Assets/Original Wood Textures/Wood Texture 05/Wood Texture 05.mat
  artifactKey: Guid(681e525d0bcd7c048882cf869c20ebc5) Importer(815301076,1909f56bfc062723c751e8b465ee728b)
Start importing Assets/Original Wood Textures/Wood Texture 05/Wood Texture 05.mat using Guid(681e525d0bcd7c048882cf869c20ebc5) Importer(815301076,1909f56bfc062723c751e8b465ee728b)  -> (artifact id: 'd5c69e1b1489213da5aac485dfa8c1e5') in 0.016292 seconds
Number of updated asset objects reloaded before import = 0
Number of asset objects unloaded after import = 3
========================================================================
Received Import Request.
  Time since last request: 1.629417 seconds.
  path: Assets/Original Wood Textures/Wood Texture 07/Wood Texture 07.mat
  artifactKey: Guid(c19bbcc8fee9ce248bd8330bfee77fa1) Importer(815301076,1909f56bfc062723c751e8b465ee728b)
Start importing Assets/Original Wood Textures/Wood Texture 07/Wood Texture 07.mat using Guid(c19bbcc8fee9ce248bd8330bfee77fa1) Importer(815301076,1909f56bfc062723c751e8b465ee728b)  -> (artifact id: 'b84b7a5ad8e4c9b1ab30b2cd16ceba32') in 0.017571 seconds
Number of updated asset objects reloaded before import = 0
Number of asset objects unloaded after import = 3
========================================================================
Received Import Request.
  Time since last request: 8.321934 seconds.
  path: Assets/Original Wood Textures/Wood Texture 08/Wood Texture 08.mat
  artifactKey: Guid(e717b0cd41e24164aa3c9f75ec9282be) Importer(815301076,1909f56bfc062723c751e8b465ee728b)
Start importing Assets/Original Wood Textures/Wood Texture 08/Wood Texture 08.mat using Guid(e717b0cd41e24164aa3c9f75ec9282be) Importer(815301076,1909f56bfc062723c751e8b465ee728b)  -> (artifact id: '790b07ed463e2ab8f4ca613c68465fd3') in 0.018359 seconds
Number of updated asset objects reloaded before import = 0
Number of asset objects unloaded after import = 3
========================================================================
Received Import Request.
  Time since last request: 0.772196 seconds.
  path: Assets/Original Wood Textures/Wood Texture 09/Wood Texture 09.mat
  artifactKey: Guid(6cfcab824d7b63a40bf197a49d6c1301) Importer(815301076,1909f56bfc062723c751e8b465ee728b)
Start importing Assets/Original Wood Textures/Wood Texture 09/Wood Texture 09.mat using Guid(6cfcab824d7b63a40bf197a49d6c1301) Importer(815301076,1909f56bfc062723c751e8b465ee728b)  -> (artifact id: 'a230ee09593c819711f35612b11f4700') in 0.016309 seconds
Number of updated asset objects reloaded before import = 0
Number of asset objects unloaded after import = 3
========================================================================
Received Import Request.
  Time since last request: 1.117276 seconds.
  path: Assets/Original Wood Textures/Wood Texture 10/Wood Texture 10.mat
  artifactKey: Guid(a706750e2b11b2b458e8e27be3fd8bd7) Importer(815301076,1909f56bfc062723c751e8b465ee728b)
Start importing Assets/Original Wood Textures/Wood Texture 10/Wood Texture 10.mat using Guid(a706750e2b11b2b458e8e27be3fd8bd7) Importer(815301076,1909f56bfc062723c751e8b465ee728b)  -> (artifact id: '597384b7ed255c99ab34d39af17bb8a7') in 0.016203 seconds
Number of updated asset objects reloaded before import = 0
Number of asset objects unloaded after import = 3
========================================================================
Received Import Request.
  Time since last request: 0.562782 seconds.
  path: Assets/Original Wood Textures/Wood Texture 11/Wood Texture 11.mat
  artifactKey: Guid(73b2c0235b19a624f810b26924156580) Importer(815301076,1909f56bfc062723c751e8b465ee728b)
Start importing Assets/Original Wood Textures/Wood Texture 11/Wood Texture 11.mat using Guid(73b2c0235b19a624f810b26924156580) Importer(815301076,1909f56bfc062723c751e8b465ee728b)  -> (artifact id: '9ee7e0de8bca6290c00c505c5849a923') in 0.015773 seconds
Number of updated asset objects reloaded before import = 0
Number of asset objects unloaded after import = 3
========================================================================
Received Import Request.
  Time since last request: 0.531066 seconds.
  path: Assets/Original Wood Textures/Wood Texture 12/Wood Texture 12.mat
  artifactKey: Guid(c75e6289c2502a644a113f17d89ac433) Importer(815301076,1909f56bfc062723c751e8b465ee728b)
Start importing Assets/Original Wood Textures/Wood Texture 12/Wood Texture 12.mat using Guid(c75e6289c2502a644a113f17d89ac433) Importer(815301076,1909f56bfc062723c751e8b465ee728b)  -> (artifact id: '9f518b180afef6076fe0a6932e1c122f') in 0.015955 seconds
Number of updated asset objects reloaded before import = 0
Number of asset objects unloaded after import = 3
========================================================================
Received Import Request.
  Time since last request: 1.104005 seconds.
  path: Assets/Original Wood Textures/Wood Texture 13/Wood Texture 13.mat
  artifactKey: Guid(1cedce7db56d8a24bacbf04e764ad74a) Importer(815301076,1909f56bfc062723c751e8b465ee728b)
Start importing Assets/Original Wood Textures/Wood Texture 13/Wood Texture 13.mat using Guid(1cedce7db56d8a24bacbf04e764ad74a) Importer(815301076,1909f56bfc062723c751e8b465ee728b)  -> (artifact id: '7fe34b3233b2b933d223a34afdd2a88b') in 0.016044 seconds
Number of updated asset objects reloaded before import = 0
Number of asset objects unloaded after import = 3
========================================================================
Received Import Request.
  Time since last request: 0.720281 seconds.
  path: Assets/Original Wood Textures/Wood Texture 14/Wood Texture 14.mat
  artifactKey: Guid(f03a6306859a0e2479fb8cc6d0553baf) Importer(815301076,1909f56bfc062723c751e8b465ee728b)
Start importing Assets/Original Wood Textures/Wood Texture 14/Wood Texture 14.mat using Guid(f03a6306859a0e2479fb8cc6d0553baf) Importer(815301076,1909f56bfc062723c751e8b465ee728b)  -> (artifact id: 'fef53f673b1d986eea391548219c9bf2') in 0.016926 seconds
Number of updated asset objects reloaded before import = 0
Number of asset objects unloaded after import = 3
========================================================================
Received Import Request.
  Time since last request: 1.112983 seconds.
  path: Assets/Original Wood Textures/Wood Texture 15/Wood Texture 15.mat
  artifactKey: Guid(d64e6cad4dbba3049895ced83800f404) Importer(815301076,1909f56bfc062723c751e8b465ee728b)
Start importing Assets/Original Wood Textures/Wood Texture 15/Wood Texture 15.mat using Guid(d64e6cad4dbba3049895ced83800f404) Importer(815301076,1909f56bfc062723c751e8b465ee728b)  -> (artifact id: '12ce6989b79767f935ec430a8124d7ce') in 0.016500 seconds
Number of updated asset objects reloaded before import = 0
Number of asset objects unloaded after import = 3
========================================================================
Received Import Request.
  Time since last request: 826.359472 seconds.
  path: Assets/Original Wood Textures/Wood Texture 15/Materials/Wood Texture 15 diffuse.mat
  artifactKey: Guid(9a64459e16e9b47349d22d2da0d6bcbc) Importer(815301076,1909f56bfc062723c751e8b465ee728b)
Start importing Assets/Original Wood Textures/Wood Texture 15/Materials/Wood Texture 15 diffuse.mat using Guid(9a64459e16e9b47349d22d2da0d6bcbc) Importer(815301076,1909f56bfc062723c751e8b465ee728b)  -> (artifact id: 'e583b1a23c1758b4e9a9b61b2e4d3335') in 0.010935 seconds
Number of updated asset objects reloaded before import = 0
Number of asset objects unloaded after import = 2
========================================================================
Received Import Request.
  Time since last request: 0.000137 seconds.
  path: Assets/Original Wood Textures/Wood Texture 15/Materials
  artifactKey: Guid(f0f90cec1933d48e6b4a370f6648d186) Importer(815301076,1909f56bfc062723c751e8b465ee728b)
Start importing Assets/Original Wood Textures/Wood Texture 15/Materials using Guid(f0f90cec1933d48e6b4a370f6648d186) Importer(815301076,1909f56bfc062723c751e8b465ee728b)  -> (artifact id: 'eb955c935fcd5c96c152e3238993537b') in 0.000373 seconds
Number of updated asset objects reloaded before import = 0
Number of asset objects unloaded after import = 0
========================================================================
Received Import Request.
  Time since last request: 318.474523 seconds.
  path: Assets/PolygonShops/Prefabs/Props
  artifactKey: Guid(0419d4fcf71eae1479139d499caebab5) Importer(815301076,1909f56bfc062723c751e8b465ee728b)
Start importing Assets/PolygonShops/Prefabs/Props using Guid(0419d4fcf71eae1479139d499caebab5) Importer(815301076,1909f56bfc062723c751e8b465ee728b)  -> (artifact id: 'e802b60a1f1976d30eaa42a369e4b7e4') in 0.000787 seconds
Number of updated asset objects reloaded before import = 0
Number of asset objects unloaded after import = 0
========================================================================
Received Import Request.
  Time since last request: 367.044934 seconds.
  path: Assets/PolygonShops/Materials/Alternates
  artifactKey: Guid(f14de609b0692bc4187d6df95679ce4c) Importer(815301076,1909f56bfc062723c751e8b465ee728b)
Start importing Assets/PolygonShops/Materials/Alternates using Guid(f14de609b0692bc4187d6df95679ce4c) Importer(815301076,1909f56bfc062723c751e8b465ee728b)  -> (artifact id: '24f5a894433e7638626f46c281bf3951') in 0.000588 seconds
Number of updated asset objects reloaded before import = 0
Number of asset objects unloaded after import = 0
========================================================================
Received Import Request.
  Time since last request: 1.984771 seconds.
  path: Assets/PolygonShops/Materials/Building_Mats/PolygonShops_Mat_Base_Blank_01.mat
  artifactKey: Guid(87b4ab089c7be914eb1e498e8cb895e4) Importer(815301076,1909f56bfc062723c751e8b465ee728b)
Start importing Assets/PolygonShops/Materials/Building_Mats/PolygonShops_Mat_Base_Blank_01.mat using Guid(87b4ab089c7be914eb1e498e8cb895e4) Importer(815301076,1909f56bfc062723c751e8b465ee728b)  -> (artifact id: 'c67afcf64e3235cae8eed9f5901cf481') in 0.018398 seconds
Number of updated asset objects reloaded before import = 0
Number of asset objects unloaded after import = 3
========================================================================
Received Import Request.
  Time since last request: 671.465382 seconds.
  path: Assets/PolygonShops/Prefabs/Props/SM_Prop_Planter_Box_02.prefab
  artifactKey: Guid(76d1de1ab226498499514c41f5b201e8) Importer(815301076,1909f56bfc062723c751e8b465ee728b)
Start importing Assets/PolygonShops/Prefabs/Props/SM_Prop_Planter_Box_02.prefab using Guid(76d1de1ab226498499514c41f5b201e8) Importer(815301076,1909f56bfc062723c751e8b465ee728b)  -> (artifact id: '4fd3880d88e49a4c167fa94040df934d') in 0.055085 seconds
Number of updated asset objects reloaded before import = 0
Number of asset objects unloaded after import = 16
========================================================================
Received Import Request.
  Time since last request: 0.000086 seconds.
  path: Assets/PolygonShops/Prefabs/Props/SM_Prop_Planter_Box_03_End.prefab
  artifactKey: Guid(47a4a96423e0e1a459ddf13ae25f410e) Importer(815301076,1909f56bfc062723c751e8b465ee728b)
Start importing Assets/PolygonShops/Prefabs/Props/SM_Prop_Planter_Box_03_End.prefab using Guid(47a4a96423e0e1a459ddf13ae25f410e) Importer(815301076,1909f56bfc062723c751e8b465ee728b)  -> (artifact id: '13f2005db792cff94b0b3ebe045b3ff1') in 0.011291 seconds
Number of updated asset objects reloaded before import = 0
Number of asset objects unloaded after import = 16
========================================================================
Received Import Request.
  Time since last request: 0.000049 seconds.
  path: Assets/PolygonShops/Prefabs/Props/SM_Prop_Planter_Box_03_Mid.prefab
  artifactKey: Guid(70e94895b0e974e4ca076144fb84409e) Importer(815301076,1909f56bfc062723c751e8b465ee728b)
Start importing Assets/PolygonShops/Prefabs/Props/SM_Prop_Planter_Box_03_Mid.prefab using Guid(70e94895b0e974e4ca076144fb84409e) Importer(815301076,1909f56bfc062723c751e8b465ee728b)  -> (artifact id: '343203dffceaf9b4c8523cc3168d3004') in 0.008942 seconds
Number of updated asset objects reloaded before import = 0
Number of asset objects unloaded after import = 16
========================================================================
Received Import Request.
  Time since last request: 139.764922 seconds.
  path: Assets/PolygonShops/Textures/PolygonShops_Building_Toilet_01.png
  artifactKey: Guid(dbf3dcab8d9dcf04bb47c8c9e02ab3c9) Importer(815301076,1909f56bfc062723c751e8b465ee728b)
Start importing Assets/PolygonShops/Textures/PolygonShops_Building_Toilet_01.png using Guid(dbf3dcab8d9dcf04bb47c8c9e02ab3c9) Importer(815301076,1909f56bfc062723c751e8b465ee728b)  -> (artifact id: '804a575bf8ec69ca4f61b868e0f44780') in 0.010607 seconds
Number of updated asset objects reloaded before import = 0
Number of asset objects unloaded after import = 2
========================================================================
Received Import Request.
  Time since last request: 0.000089 seconds.
  path: Assets/PolygonShops/Textures/PolygonShops_Texture_01_B.png
  artifactKey: Guid(52bff72ac7438b04297d6f86787d94dc) Importer(815301076,1909f56bfc062723c751e8b465ee728b)
Start importing Assets/PolygonShops/Textures/PolygonShops_Texture_01_B.png using Guid(52bff72ac7438b04297d6f86787d94dc) Importer(815301076,1909f56bfc062723c751e8b465ee728b)  -> (artifact id: '3bb618bf3d3bef40228f954fefc26857') in 0.008416 seconds
Number of updated asset objects reloaded before import = 0
Number of asset objects unloaded after import = 2
========================================================================
Received Import Request.
  Time since last request: 0.000108 seconds.
  path: Assets/PolygonShops/Textures/Shutter_Transparent.png
  artifactKey: Guid(1516cbcda52a21244b95699d12d7ed83) Importer(815301076,1909f56bfc062723c751e8b465ee728b)
Start importing Assets/PolygonShops/Textures/Shutter_Transparent.png using Guid(1516cbcda52a21244b95699d12d7ed83) Importer(815301076,1909f56bfc062723c751e8b465ee728b)  -> (artifact id: '9ee0d9192791378e4f65166f7be67526') in 0.007246 seconds
Number of updated asset objects reloaded before import = 0
Number of asset objects unloaded after import = 2
========================================================================
Received Import Request.
  Time since last request: 0.000204 seconds.
  path: Assets/PolygonShops/Textures/PolygonShops_Ground_LoadingZone_01.png
  artifactKey: Guid(23dcd30bceb9c8440ab34344621cd6f5) Importer(815301076,1909f56bfc062723c751e8b465ee728b)
Start importing Assets/PolygonShops/Textures/PolygonShops_Ground_LoadingZone_01.png using Guid(23dcd30bceb9c8440ab34344621cd6f5) Importer(815301076,1909f56bfc062723c751e8b465ee728b)  -> (artifact id: 'adc03f2297c11cf5471137c3431a1572') in 0.010028 seconds
Number of updated asset objects reloaded before import = 0
Number of asset objects unloaded after import = 2
========================================================================
Received Import Request.
  Time since last request: 0.000113 seconds.
  path: Assets/PolygonShops/Textures/PolygonShops_Texture_01_Emissive.png
  artifactKey: Guid(71e35032b96013e40bf67b26f9f739c4) Importer(815301076,1909f56bfc062723c751e8b465ee728b)
Start importing Assets/PolygonShops/Textures/PolygonShops_Texture_01_Emissive.png using Guid(71e35032b96013e40bf67b26f9f739c4) Importer(815301076,1909f56bfc062723c751e8b465ee728b)  -> (artifact id: '2d29264ecbfbbada45405d62934111a9') in 0.009717 seconds
Number of updated asset objects reloaded before import = 0
Number of asset objects unloaded after import = 2
========================================================================
Received Import Request.
  Time since last request: 0.000095 seconds.
  path: Assets/PolygonShops/Textures/PolygonStreetRacer_Building_Texture_01.png
  artifactKey: Guid(5b4d4c8132346864ba37b14d3f805d62) Importer(815301076,1909f56bfc062723c751e8b465ee728b)
Start importing Assets/PolygonShops/Textures/PolygonStreetRacer_Building_Texture_01.png using Guid(5b4d4c8132346864ba37b14d3f805d62) Importer(815301076,1909f56bfc062723c751e8b465ee728b)  -> (artifact id: 'd869430672fadb781e73f451249cd918') in 0.006388 seconds
Number of updated asset objects reloaded before import = 0
Number of asset objects unloaded after import = 2
========================================================================
Received Import Request.
  Time since last request: 0.000055 seconds.
  path: Assets/PolygonShops/Textures/PolygonStreetRacer_Ground_01.png
  artifactKey: Guid(34cb272d93a264448a81125aa33fa258) Importer(815301076,1909f56bfc062723c751e8b465ee728b)
Start importing Assets/PolygonShops/Textures/PolygonStreetRacer_Ground_01.png using Guid(34cb272d93a264448a81125aa33fa258) Importer(815301076,1909f56bfc062723c751e8b465ee728b)  -> (artifact id: '8282c551e24007c655c7ae9698f2edf5') in 0.010358 seconds
Number of updated asset objects reloaded before import = 0
Number of asset objects unloaded after import = 2
========================================================================
Received Import Request.
  Time since last request: 0.000089 seconds.
  path: Assets/PolygonShops/Textures/Signs_01_Emissive.png
  artifactKey: Guid(01ad94f4fa9462044ae52af8727ef769) Importer(815301076,1909f56bfc062723c751e8b465ee728b)
Start importing Assets/PolygonShops/Textures/Signs_01_Emissive.png using Guid(01ad94f4fa9462044ae52af8727ef769) Importer(815301076,1909f56bfc062723c751e8b465ee728b)  -> (artifact id: '381742b9c9d48cdaf4e39bcc4d8e6bcb') in 0.010785 seconds
Number of updated asset objects reloaded before import = 0
Number of asset objects unloaded after import = 2
========================================================================
Received Import Request.
  Time since last request: 0.000164 seconds.
  path: Assets/PolygonShops/Textures/PolygonShops_Texture_03_B.png
  artifactKey: Guid(6fe4aae130623644f9b2fad1d256246d) Importer(815301076,1909f56bfc062723c751e8b465ee728b)
Start importing Assets/PolygonShops/Textures/PolygonShops_Texture_03_B.png using Guid(6fe4aae130623644f9b2fad1d256246d) Importer(815301076,1909f56bfc062723c751e8b465ee728b)  -> (artifact id: '80f28d7de88f7c8cd1be853abfd5bbfa') in 0.011084 seconds
Number of updated asset objects reloaded before import = 0
Number of asset objects unloaded after import = 2
========================================================================
Received Import Request.
  Time since last request: 0.000170 seconds.
  path: Assets/PolygonShops/Textures/PolygonShops_Ground_Dirt_01.png
  artifactKey: Guid(ca40fe059d684bd46b5c195c467611ca) Importer(815301076,1909f56bfc062723c751e8b465ee728b)
Start importing Assets/PolygonShops/Textures/PolygonShops_Ground_Dirt_01.png using Guid(ca40fe059d684bd46b5c195c467611ca) Importer(815301076,1909f56bfc062723c751e8b465ee728b)  -> (artifact id: 'b40db8e9dc8c27927cb585da62abeae4') in 0.009462 seconds
Number of updated asset objects reloaded before import = 0
Number of asset objects unloaded after import = 2
========================================================================
Received Import Request.
  Time since last request: 0.000103 seconds.
  path: Assets/PolygonShops/Textures/PolygonShops_Texture_02_B.png
  artifactKey: Guid(68660fcdcbec8854eb9d246d95911f10) Importer(815301076,1909f56bfc062723c751e8b465ee728b)
Start importing Assets/PolygonShops/Textures/PolygonShops_Texture_02_B.png using Guid(68660fcdcbec8854eb9d246d95911f10) Importer(815301076,1909f56bfc062723c751e8b465ee728b)  -> (artifact id: 'cbc0c0938ce39017b5d349ae9e4f05b1') in 0.009002 seconds
Number of updated asset objects reloaded before import = 0
Number of asset objects unloaded after import = 2
========================================================================
Received Import Request.
  Time since last request: 0.000175 seconds.
  path: Assets/PolygonShops/Textures/PolygonShops_Texture_03_C.png
  artifactKey: Guid(e4a96cc2e6a95814491d37555cd365b2) Importer(815301076,1909f56bfc062723c751e8b465ee728b)
Start importing Assets/PolygonShops/Textures/PolygonShops_Texture_03_C.png using Guid(e4a96cc2e6a95814491d37555cd365b2) Importer(815301076,1909f56bfc062723c751e8b465ee728b)  -> (artifact id: '227aa98423b21c912eb499ffea711064') in 0.016772 seconds
Number of updated asset objects reloaded before import = 0
Number of asset objects unloaded after import = 2
========================================================================
Received Import Request.
  Time since last request: 0.000058 seconds.
  path: Assets/PolygonShops/Textures/PolygonShops_Texture_04_A.png
  artifactKey: Guid(49c7ea6a6f5f32849a26de6518843a68) Importer(815301076,1909f56bfc062723c751e8b465ee728b)
Start importing Assets/PolygonShops/Textures/PolygonShops_Texture_04_A.png using Guid(49c7ea6a6f5f32849a26de6518843a68) Importer(815301076,1909f56bfc062723c751e8b465ee728b)  -> (artifact id: '1cefed041f7a698ef0f75ee05877b96c') in 0.009666 seconds
Number of updated asset objects reloaded before import = 0
Number of asset objects unloaded after import = 2
========================================================================
Received Import Request.
  Time since last request: 0.000243 seconds.
  path: Assets/PolygonShops/Textures/PolygonShops_Texture_02_Emissive.png
  artifactKey: Guid(521ccb88d9d7e664480c4872f4f3152b) Importer(815301076,1909f56bfc062723c751e8b465ee728b)
Start importing Assets/PolygonShops/Textures/PolygonShops_Texture_02_Emissive.png using Guid(521ccb88d9d7e664480c4872f4f3152b) Importer(815301076,1909f56bfc062723c751e8b465ee728b)  -> (artifact id: 'e39c65a4d84053974f9f6bf7b3c3d233') in 0.010972 seconds
Number of updated asset objects reloaded before import = 0
Number of asset objects unloaded after import = 2
========================================================================
Received Import Request.
  Time since last request: 0.000145 seconds.
  path: Assets/PolygonShops/Textures/PolygonShops_Ground_Disabled_01.png
  artifactKey: Guid(44bdc7302a3f3b1458185e96a03d9a19) Importer(815301076,1909f56bfc062723c751e8b465ee728b)
Start importing Assets/PolygonShops/Textures/PolygonShops_Ground_Disabled_01.png using Guid(44bdc7302a3f3b1458185e96a03d9a19) Importer(815301076,1909f56bfc062723c751e8b465ee728b)  -> (artifact id: 'e5c9ea75ab8d11d871303cf603903ce0') in 0.007341 seconds
Number of updated asset objects reloaded before import = 0
Number of asset objects unloaded after import = 2
========================================================================
Received Import Request.
  Time since last request: 0.000157 seconds.
  path: Assets/PolygonShops/Textures/PolygonShops_Ground_01.png
  artifactKey: Guid(cdb47a7a4c8a8da4fa87fb9ef8d95444) Importer(815301076,1909f56bfc062723c751e8b465ee728b)
Start importing Assets/PolygonShops/Textures/PolygonShops_Ground_01.png using Guid(cdb47a7a4c8a8da4fa87fb9ef8d95444) Importer(815301076,1909f56bfc062723c751e8b465ee728b)  -> (artifact id: '66cd23e371891d2971250ed9b1e2577d') in 0.007218 seconds
Number of updated asset objects reloaded before import = 0
Number of asset objects unloaded after import = 2
========================================================================
Received Import Request.
  Time since last request: 0.000277 seconds.
  path: Assets/PolygonShops/Textures/PolygonShops_Texture_03_A.png
  artifactKey: Guid(ebb44c23dc3945646865971fc29ad121) Importer(815301076,1909f56bfc062723c751e8b465ee728b)
Start importing Assets/PolygonShops/Textures/PolygonShops_Texture_03_A.png using Guid(ebb44c23dc3945646865971fc29ad121) Importer(815301076,1909f56bfc062723c751e8b465ee728b)  -> (artifact id: 'b23656e527377ff4401f70b10dfb0e5e') in 0.009685 seconds
Number of updated asset objects reloaded before import = 0
Number of asset objects unloaded after import = 2
========================================================================
Received Import Request.
  Time since last request: 0.000094 seconds.
  path: Assets/PolygonShops/Textures/PolygonShops_Circle_01.png
  artifactKey: Guid(be7dcf2282752cf4a93c976b4e780dd8) Importer(815301076,1909f56bfc062723c751e8b465ee728b)
Start importing Assets/PolygonShops/Textures/PolygonShops_Circle_01.png using Guid(be7dcf2282752cf4a93c976b4e780dd8) Importer(815301076,1909f56bfc062723c751e8b465ee728b)  -> (artifact id: '857995ef4de425bc699cd67221b17ae4') in 0.005146 seconds
Number of updated asset objects reloaded before import = 0
Number of asset objects unloaded after import = 2
========================================================================
Received Import Request.
  Time since last request: 0.000115 seconds.
  path: Assets/PolygonShops/Textures/PolygonShops_Texture_01_A.png
  artifactKey: Guid(d840dcd6a76098d40b6c4b73cb0bfbb5) Importer(815301076,1909f56bfc062723c751e8b465ee728b)
Start importing Assets/PolygonShops/Textures/PolygonShops_Texture_01_A.png using Guid(d840dcd6a76098d40b6c4b73cb0bfbb5) Importer(815301076,1909f56bfc062723c751e8b465ee728b)  -> (artifact id: '0d49736416d12905aa5326eb05f6fa79') in 0.020350 seconds
Number of updated asset objects reloaded before import = 0
Number of asset objects unloaded after import = 2
========================================================================
Received Import Request.
  Time since last request: 3.072836 seconds.
  path: Assets/PolygonShops/Textures/PolygonShops_Building_Cladding_01_Normal.png
  artifactKey: Guid(5a3b18544ee280e4fb1ddcff5d62b914) Importer(815301076,1909f56bfc062723c751e8b465ee728b)
Start importing Assets/PolygonShops/Textures/PolygonShops_Building_Cladding_01_Normal.png using Guid(5a3b18544ee280e4fb1ddcff5d62b914) Importer(815301076,1909f56bfc062723c751e8b465ee728b)  -> (artifact id: 'be1ac83d992d4801d23d20e6f5f49c99') in 0.019123 seconds
Number of updated asset objects reloaded before import = 0
Number of asset objects unloaded after import = 2
========================================================================
Received Import Request.
  Time since last request: 0.000077 seconds.
  path: Assets/PolygonShops/Textures/PolygonShops_Building_Tile_01.png
  artifactKey: Guid(8e61567bfb0333d44b8cef4c000646b5) Importer(815301076,1909f56bfc062723c751e8b465ee728b)
Start importing Assets/PolygonShops/Textures/PolygonShops_Building_Tile_01.png using Guid(8e61567bfb0333d44b8cef4c000646b5) Importer(815301076,1909f56bfc062723c751e8b465ee728b)  -> (artifact id: '5f6fa1c088f35decb276cbada140648f') in 0.011970 seconds
Number of updated asset objects reloaded before import = 0
Number of asset objects unloaded after import = 2
========================================================================
Received Import Request.
  Time since last request: 0.000069 seconds.
  path: Assets/PolygonShops/Textures/PolygonShops_Building_Tile_03.png
  artifactKey: Guid(0c8f9a8dfc1ed324aad92148e6d18e12) Importer(815301076,1909f56bfc062723c751e8b465ee728b)
Start importing Assets/PolygonShops/Textures/PolygonShops_Building_Tile_03.png using Guid(0c8f9a8dfc1ed324aad92148e6d18e12) Importer(815301076,1909f56bfc062723c751e8b465ee728b)  -> (artifact id: '0c7738f2aa68df0092d1b5e64f3a78a8') in 0.009637 seconds
Number of updated asset objects reloaded before import = 0
Number of asset objects unloaded after import = 2
========================================================================
Received Import Request.
  Time since last request: 0.000213 seconds.
  path: Assets/PolygonShops/Textures/PolygonShops_Building_Concrete_Blocks_02.png
  artifactKey: Guid(89154e7dfbd765641993d939889a9d41) Importer(815301076,1909f56bfc062723c751e8b465ee728b)
Start importing Assets/PolygonShops/Textures/PolygonShops_Building_Concrete_Blocks_02.png using Guid(89154e7dfbd765641993d939889a9d41) Importer(815301076,1909f56bfc062723c751e8b465ee728b)  -> (artifact id: 'a1916e8b2e98a880a490f0a3df049e4b') in 0.011662 seconds
Number of updated asset objects reloaded before import = 0
Number of asset objects unloaded after import = 2
========================================================================
Received Import Request.
  Time since last request: 0.000401 seconds.
  path: Assets/PolygonShops/Textures/PolygonShops_Building_Tile_02.png
  artifactKey: Guid(cd0aa9aaa6d32814982ea22a34a06f5a) Importer(815301076,1909f56bfc062723c751e8b465ee728b)
Start importing Assets/PolygonShops/Textures/PolygonShops_Building_Tile_02.png using Guid(cd0aa9aaa6d32814982ea22a34a06f5a) Importer(815301076,1909f56bfc062723c751e8b465ee728b)  -> (artifact id: '4bdf5552e9dbd85f92ef730bba4ddfd0') in 0.009876 seconds
Number of updated asset objects reloaded before import = 0
Number of asset objects unloaded after import = 2
========================================================================
Received Import Request.
  Time since last request: 0.000223 seconds.
  path: Assets/PolygonShops/Textures/PolygonShops_Building_Tile_05.png
  artifactKey: Guid(b3a0f6a8ce5823a449d0d1f6d0a63be5) Importer(815301076,1909f56bfc062723c751e8b465ee728b)
Start importing Assets/PolygonShops/Textures/PolygonShops_Building_Tile_05.png using Guid(b3a0f6a8ce5823a449d0d1f6d0a63be5) Importer(815301076,1909f56bfc062723c751e8b465ee728b)  -> (artifact id: '088aede154abb122a3bbd2c2b6032aa9') in 0.009451 seconds
Number of updated asset objects reloaded before import = 0
Number of asset objects unloaded after import = 2
========================================================================
Received Import Request.
  Time since last request: 0.000175 seconds.
  path: Assets/PolygonShops/Textures/PolygonShops_Building_Mat_01.png
  artifactKey: Guid(4ffadc19c8339c84e9cb92bf89b34996) Importer(815301076,1909f56bfc062723c751e8b465ee728b)
Start importing Assets/PolygonShops/Textures/PolygonShops_Building_Mat_01.png using Guid(4ffadc19c8339c84e9cb92bf89b34996) Importer(815301076,1909f56bfc062723c751e8b465ee728b)  -> (artifact id: '793b63f251b665b10ebbeb3568877d2f') in 0.007268 seconds
Number of updated asset objects reloaded before import = 0
Number of asset objects unloaded after import = 2
========================================================================
Received Import Request.
  Time since last request: 419.178025 seconds.
  path: Assets/SimplePoly City - Low Poly Assets/Materials
  artifactKey: Guid(32e56afb74082ca4c8b1768f490d90cb) Importer(815301076,1909f56bfc062723c751e8b465ee728b)
Start importing Assets/SimplePoly City - Low Poly Assets/Materials using Guid(32e56afb74082ca4c8b1768f490d90cb) Importer(815301076,1909f56bfc062723c751e8b465ee728b)  -> (artifact id: '3c3a1bd7edcc9f960c251183129b7074') in 0.000864 seconds
Number of updated asset objects reloaded before import = 0
Number of asset objects unloaded after import = 0
========================================================================
Received Import Request.
  Time since last request: 12.487769 seconds.
  path: Assets/SimplePoly City - Low Poly Assets/Prefab/Natures
  artifactKey: Guid(94e8f44afd4ace94ea59afec7166ff0e) Importer(815301076,1909f56bfc062723c751e8b465ee728b)
Start importing Assets/SimplePoly City - Low Poly Assets/Prefab/Natures using Guid(94e8f44afd4ace94ea59afec7166ff0e) Importer(815301076,1909f56bfc062723c751e8b465ee728b)  -> (artifact id: '8944b968c0908c2b53000f95fd84aa4b') in 0.000642 seconds
Number of updated asset objects reloaded before import = 0
Number of asset objects unloaded after import = 0
========================================================================
Received Import Request.
  Time since last request: 0.062565 seconds.
  path: Assets/SimplePoly City - Low Poly Assets/Prefab/Natures/Natures_Big Tree.prefab
  artifactKey: Guid(b82e76f4092b7d24aaeecddf36fe8d3b) Importer(815301076,1909f56bfc062723c751e8b465ee728b)
Start importing Assets/SimplePoly City - Low Poly Assets/Prefab/Natures/Natures_Big Tree.prefab using Guid(b82e76f4092b7d24aaeecddf36fe8d3b) Importer(815301076,1909f56bfc062723c751e8b465ee728b)  -> (artifact id: '15c36ec15e8b73eea81999323732a63f') in 0.008692 seconds
Number of updated asset objects reloaded before import = 0
Number of asset objects unloaded after import = 8
========================================================================
Received Import Request.
  Time since last request: 0.000136 seconds.
  path: Assets/SimplePoly City - Low Poly Assets/Prefab/Natures/Natures_Bush_03.prefab
  artifactKey: Guid(47ea3e3caeb3c2845bbd9339bdc7a282) Importer(815301076,1909f56bfc062723c751e8b465ee728b)
Start importing Assets/SimplePoly City - Low Poly Assets/Prefab/Natures/Natures_Bush_03.prefab using Guid(47ea3e3caeb3c2845bbd9339bdc7a282) Importer(815301076,1909f56bfc062723c751e8b465ee728b)  -> (artifact id: '59c6da113471be4096986bd3f90b6bd1') in 0.006197 seconds
Number of updated asset objects reloaded before import = 0
Number of asset objects unloaded after import = 8
========================================================================
Received Import Request.
  Time since last request: 0.000047 seconds.
  path: Assets/SimplePoly City - Low Poly Assets/Prefab/Natures/Natures_Rock_Big.prefab
  artifactKey: Guid(dac1a631b172e66469fb09e9987bcf57) Importer(815301076,1909f56bfc062723c751e8b465ee728b)
Start importing Assets/SimplePoly City - Low Poly Assets/Prefab/Natures/Natures_Rock_Big.prefab using Guid(dac1a631b172e66469fb09e9987bcf57) Importer(815301076,1909f56bfc062723c751e8b465ee728b)  -> (artifact id: 'd2b403ae29cc06f1ca215031d75c4b40') in 0.006309 seconds
Number of updated asset objects reloaded before import = 0
Number of asset objects unloaded after import = 8
========================================================================
Received Import Request.
  Time since last request: 0.000094 seconds.
  path: Assets/SimplePoly City - Low Poly Assets/Prefab/Natures/Natures_Grass Bar.prefab
  artifactKey: Guid(c07ada992c3586e4dbf557bc4b8718cf) Importer(815301076,1909f56bfc062723c751e8b465ee728b)
Start importing Assets/SimplePoly City - Low Poly Assets/Prefab/Natures/Natures_Grass Bar.prefab using Guid(c07ada992c3586e4dbf557bc4b8718cf) Importer(815301076,1909f56bfc062723c751e8b465ee728b)  -> (artifact id: '20d9c167be7900f95a02b68a899bf5be') in 0.006789 seconds
Number of updated asset objects reloaded before import = 0
Number of asset objects unloaded after import = 8
========================================================================
Received Import Request.
  Time since last request: 0.000108 seconds.
  path: Assets/SimplePoly City - Low Poly Assets/Prefab/Natures/Natures_Cube Tree.prefab
  artifactKey: Guid(8b680e0f7699a254c84ed6737b7eb53d) Importer(815301076,1909f56bfc062723c751e8b465ee728b)
Start importing Assets/SimplePoly City - Low Poly Assets/Prefab/Natures/Natures_Cube Tree.prefab using Guid(8b680e0f7699a254c84ed6737b7eb53d) Importer(815301076,1909f56bfc062723c751e8b465ee728b)  -> (artifact id: '230bff58f6724cb44bc174fca6d04548') in 0.005939 seconds
Number of updated asset objects reloaded before import = 0
Number of asset objects unloaded after import = 8
========================================================================
Received Import Request.
  Time since last request: 0.000050 seconds.
  path: Assets/SimplePoly City - Low Poly Assets/Prefab/Natures/Natures_Grass Tile Small.prefab
  artifactKey: Guid(1b0084fb56aeb6e4e90f88a0def84cf0) Importer(815301076,1909f56bfc062723c751e8b465ee728b)
Start importing Assets/SimplePoly City - Low Poly Assets/Prefab/Natures/Natures_Grass Tile Small.prefab using Guid(1b0084fb56aeb6e4e90f88a0def84cf0) Importer(815301076,1909f56bfc062723c751e8b465ee728b)  -> (artifact id: '58cb23a17cee672827f984bf09c83860') in 0.006730 seconds
Number of updated asset objects reloaded before import = 0
Number of asset objects unloaded after import = 8
========================================================================
Received Import Request.
  Time since last request: 0.000040 seconds.
  path: Assets/SimplePoly City - Low Poly Assets/Prefab/Natures/Natures_Rock_small.prefab
  artifactKey: Guid(9ec25066ec33fa84d9227e27c5f5a8a0) Importer(815301076,1909f56bfc062723c751e8b465ee728b)
Start importing Assets/SimplePoly City - Low Poly Assets/Prefab/Natures/Natures_Rock_small.prefab using Guid(9ec25066ec33fa84d9227e27c5f5a8a0) Importer(815301076,1909f56bfc062723c751e8b465ee728b)  -> (artifact id: '72bdb04eb5f3151d9de0a2c0f4dc4e9a') in 0.005873 seconds
Number of updated asset objects reloaded before import = 0
Number of asset objects unloaded after import = 8
========================================================================
Received Import Request.
  Time since last request: 0.000221 seconds.
  path: Assets/SimplePoly City - Low Poly Assets/Prefab/Natures/Natures_Grass Tile.prefab
  artifactKey: Guid(b74c48c2e73e17c418c9394124b75daf) Importer(815301076,1909f56bfc062723c751e8b465ee728b)
Start importing Assets/SimplePoly City - Low Poly Assets/Prefab/Natures/Natures_Grass Tile.prefab using Guid(b74c48c2e73e17c418c9394124b75daf) Importer(815301076,1909f56bfc062723c751e8b465ee728b)  -> (artifact id: '3cecc7c85455d298296085230208d0ac') in 0.007189 seconds
Number of updated asset objects reloaded before import = 0
Number of asset objects unloaded after import = 8
========================================================================
Received Import Request.
  Time since last request: 19.186996 seconds.
  path: Assets/Scenes/testEnvironment.unity
  artifactKey: Guid(5da0a590b884b41eeb23a75d5b4a4228) Importer(815301076,1909f56bfc062723c751e8b465ee728b)
Start importing Assets/Scenes/testEnvironment.unity using Guid(5da0a590b884b41eeb23a75d5b4a4228) Importer(815301076,1909f56bfc062723c751e8b465ee728b)  -> (artifact id: '4919dfbb54739d49cc0ab774fc81649a') in 0.001409 seconds
Number of updated asset objects reloaded before import = 0
Number of asset objects unloaded after import = 0
========================================================================
Received Import Request.
  Time since last request: 109.248465 seconds.
  path: Assets/TextMesh Pro/Fonts/LiberationSans.ttf
  artifactKey: Guid(e3265ab4bf004d28a9537516768c1c75) Importer(815301076,1909f56bfc062723c751e8b465ee728b)
Start importing Assets/TextMesh Pro/Fonts/LiberationSans.ttf using Guid(e3265ab4bf004d28a9537516768c1c75) Importer(815301076,1909f56bfc062723c751e8b465ee728b)  -> (artifact id: '58d32049b534a9bba0707f63aca519e4') in 0.069699 seconds
Number of updated asset objects reloaded before import = 0
Number of asset objects unloaded after import = 4
========================================================================
Received Import Request.
  Time since last request: 35.757143 seconds.
  path: Assets/SimplePoly City - Low Poly Assets/Prefab/Vehicles/Vehicle with Separated Wheels
  artifactKey: Guid(93d144a3b2d84954a8d45bc8c591a9b4) Importer(815301076,1909f56bfc062723c751e8b465ee728b)
Start importing Assets/SimplePoly City - Low Poly Assets/Prefab/Vehicles/Vehicle with Separated Wheels using Guid(93d144a3b2d84954a8d45bc8c591a9b4) Importer(815301076,1909f56bfc062723c751e8b465ee728b)  -> (artifact id: 'eeb41b3772ac34c05d86a91812188067') in 0.000802 seconds
Number of updated asset objects reloaded before import = 0
Number of asset objects unloaded after import = 0
